<?xml version="1.0" encoding="UTF-8"?>
<!-- Generated by org.testng.reporters.JUnitReportReporter -->
<testsuite hostname="LTIN515427" failures="0" tests="2" name="CasTimeSheet.TimeSheetTest" time="50.164" errors="0" timestamp="2024-04-27T21:11:13 IST" skipped="0">
  <testcase classname="CasTimeSheet.TimeSheetTest" name="gotoTimeSheet" time="21.710"/>
  <testcase classname="CasTimeSheet.TimeSheetTest" name="threeWeekDetails" time="28.454"/>
</testsuite> <!-- CasTimeSheet.TimeSheetTest -->
